<?xml version="1.0" encoding="UTF-8"?>
<Site BuildName="Linux-g++-11"
	BuildStamp="20230916-1549-Experimental"
	Name="moses"
	Generator="ctest-3.22.1"
	CompilerName="/usr/bin/g++-11"
	CompilerVersion="11.3.0"
	OSName="Linux"
	Hostname="moses"
	OSRelease="5.15.90.1-microsoft-standard-WSL2"
	OSVersion="#1 SMP Fri Jan 27 02:56:13 UTC 2023"
	OSPlatform="x86_64"
	Is64Bits="1"
	VendorString="GenuineIntel"
	VendorID="Intel Corporation"
	FamilyID="6"
	ModelID="158"
	ProcessorCacheSize="12288"
	NumberOfLogicalCPU="12"
	NumberOfPhysicalCPU="6"
	TotalVirtualMemory="2048"
	TotalPhysicalMemory="7883"
	LogicalProcessorsPerPhysical="2"
	ProcessorClockFrequency="2592.01"
	>
	<Testing>
		<StartDateTime>Sep 16 20:50 MSK</StartDateTime>
		<StartTestTime>1694886635</StartTestTime>
		<TestList/>
		<EndDateTime>Sep 16 20:50 MSK</EndDateTime>
		<EndTestTime>1694886635</EndTestTime>
		<ElapsedMinutes>0</ElapsedMinutes>
	</Testing>
</Site>
