<?xml version="1.0" encoding="UTF-8"?>
<Site BuildName="Linux-g++-11"
	BuildStamp="20230918-1547-Experimental"
	Name="moses"
	Generator="ctest-3.22.1"
	CompilerName="/usr/bin/g++-11"
	CompilerVersion="11.3.0"
	OSName="Linux"
	Hostname="moses"
	OSRelease="5.15.90.1-microsoft-standard-WSL2"
	OSVersion="#1 SMP Fri Jan 27 02:56:13 UTC 2023"
	OSPlatform="x86_64"
	Is64Bits="1"
	VendorString="GenuineIntel"
	VendorID="Intel Corporation"
	FamilyID="6"
	ModelID="158"
	ProcessorCacheSize="12288"
	NumberOfLogicalCPU="12"
	NumberOfPhysicalCPU="6"
	TotalVirtualMemory="2048"
	TotalPhysicalMemory="7883"
	LogicalProcessorsPerPhysical="2"
	ProcessorClockFrequency="2592.01"
	>
	<Testing>
		<StartDateTime>Sep 18 18:47 MSK</StartDateTime>
		<StartTestTime>1695052026</StartTestTime>
		<TestList>
			<Test>./BASIC</Test>
		</TestList>
		<Test Status="passed">
			<Name>BASIC</Name>
			<Path>.</Path>
			<FullName>./BASIC</FullName>
			<FullCommandLine>/home/moses/cs/cpp_tests/myapp-release/build/tests01</FullCommandLine>
			<Results>
				<NamedMeasurement type="numeric/double" name="Execution Time">
					<Value>0.0033293</Value>
				</NamedMeasurement>
				<NamedMeasurement type="numeric/double" name="Processors">
					<Value>1</Value>
				</NamedMeasurement>
				<NamedMeasurement type="text/string" name="Completion Status">
					<Value>Completed</Value>
				</NamedMeasurement>
				<NamedMeasurement type="text/string" name="Command Line">
					<Value>/home/moses/cs/cpp_tests/myapp-release/build/tests01</Value>
				</NamedMeasurement>
				<NamedMeasurement type="text/string" name="Environment">
					<Value>#CTEST_RESOURCE_GROUP_COUNT=</Value>
				</NamedMeasurement>
				<Measurement>
					<Value encoding="base64" compression="gzip">eJyVlDtvwyAQgHf/ihubIcjvrXOHSq0UtZNlRX6QGsmGyECa/PtgSDMgKp9v4Q6+O74Fqtdn1HDQnDP+AyUoKpWE0yymRwFSM7OSqNo/o4a3UbTN6ADKL2wWfKLcwFTt9dmDE8fZoUt2jJOogsP3B9io/zZJ20jWHW1lBhnGxef7vwy8xDDJ3ep9jgMlVDPuojU8DemlCD2fQeql2/SykF6G0PMZpF62TS8P6eUIPZ9B6uXb9IqQXoHQ8xmkXrFNrwzplQg9n1nRI4REXwOFeanFCZTJ7ZnQ6qwV/DbSnE3iQnuQjHcUmHnq147SXjp4MK2DGPulO4nTHNqb/SjunJVKgA==</Value>
				</Measurement>
			</Results>
		</Test>
		<EndDateTime>Sep 18 18:47 MSK</EndDateTime>
		<EndTestTime>1695052026</EndTestTime>
		<ElapsedMinutes>0</ElapsedMinutes>
	</Testing>
</Site>
